GAS LISTING C:\Users\hag\AppData\Local\Temp/cc0BUtTn.s 			page 1


   1               		.file	"text_lcd_BOP_24_Rus.c"
   2               	__SREG__ = 0x3f
   3               	__SP_H__ = 0x3e
   4               	__SP_L__ = 0x3d
   5               	__CCP__  = 0x34
   6               	__tmp_reg__ = 0
   7               	__zero_reg__ = 1
   8               		.section	.text.display_set_channel,"ax",@progbits
   9               	.global	display_set_channel
  10               		.type	display_set_channel, @function
  11               	display_set_channel:
  12               	/* prologue: function */
  13               	/* frame size = 0 */
  14               	/* epilogue start */
  15 0000 0895      		ret
  16               		.size	display_set_channel, .-display_set_channel
  17               		.section	.text.display_write_byte,"ax",@progbits
  18               	.global	display_write_byte
  19               		.type	display_write_byte, @function
  20               	display_write_byte:
  21               	/* prologue: function */
  22               	/* frame size = 0 */
  23 0000 982F      		mov r25,r24
  24 0002 6130      		cpi r22,lo8(1)
  25 0004 01F4      		brne .L4
  26 0006 8091 6200 		lds r24,98
  27 000a 8160      		ori r24,lo8(1)
  28 000c 00C0      		rjmp .L15
  29               	.L4:
  30 000e 8091 6200 		lds r24,98
  31 0012 8E7F      		andi r24,lo8(-2)
  32               	.L15:
  33 0014 8093 6200 		sts 98,r24
  34 0018 8091 6200 		lds r24,98
  35 001c 8F7E      		andi r24,lo8(-17)
  36 001e 8093 6200 		sts 98,r24
  37               	/* #APP */
  38               	 ;  314 "text_lcd_BOP_24_Rus.c" 1
  39 0022 0000      		nop
  40               	 ;  0 "" 2
  41               	/* #NOAPP */
  42 0024 8091 6200 		lds r24,98
  43 0028 8260      		ori r24,lo8(2)
  44 002a 8093 6200 		sts 98,r24
  45 002e 8091 6200 		lds r24,98
  46 0032 877F      		andi r24,lo8(-9)
  47 0034 8093 6200 		sts 98,r24
  48 0038 8091 6200 		lds r24,98
  49 003c 8F7B      		andi r24,lo8(-65)
  50 003e 8093 6200 		sts 98,r24
  51 0042 8091 6200 		lds r24,98
  52 0046 8B7F      		andi r24,lo8(-5)
  53 0048 8093 6200 		sts 98,r24
  54 004c 8091 6200 		lds r24,98
  55 0050 8F7D      		andi r24,lo8(-33)
  56 0052 8093 6200 		sts 98,r24
  57 0056 97FF      		sbrs r25,7
GAS LISTING C:\Users\hag\AppData\Local\Temp/cc0BUtTn.s 			page 2


  58 0058 00C0      		rjmp .L6
  59 005a 8091 6200 		lds r24,98
  60 005e 8860      		ori r24,lo8(8)
  61 0060 8093 6200 		sts 98,r24
  62               	.L6:
  63 0064 292F      		mov r18,r25
  64 0066 96FF      		sbrs r25,6
  65 0068 00C0      		rjmp .L7
  66 006a 8091 6200 		lds r24,98
  67 006e 8064      		ori r24,lo8(64)
  68 0070 8093 6200 		sts 98,r24
  69               	.L7:
  70 0074 25FF      		sbrs r18,5
  71 0076 00C0      		rjmp .L8
  72 0078 8091 6200 		lds r24,98
  73 007c 8460      		ori r24,lo8(4)
  74 007e 8093 6200 		sts 98,r24
  75               	.L8:
  76 0082 24FF      		sbrs r18,4
  77 0084 00C0      		rjmp .L9
  78 0086 8091 6200 		lds r24,98
  79 008a 8062      		ori r24,lo8(32)
  80 008c 8093 6200 		sts 98,r24
  81               	.L9:
  82 0090 81E0      		ldi r24,lo8(1)
  83 0092 90E0      		ldi r25,hi8(1)
  84               	/* #APP */
  85               	 ;  105 "c:/winavr-20100110/lib/gcc/../../avr/include/util/delay_basic.h" 1
  86 0094 0197      		1: sbiw r24,1
  87 0096 01F4      		brne 1b
  88               	 ;  0 "" 2
  89               	/* #NOAPP */
  90 0098 8091 6200 		lds r24,98
  91 009c 8D7F      		andi r24,lo8(-3)
  92 009e 8093 6200 		sts 98,r24
  93 00a2 83E9      		ldi r24,lo8(147)
  94 00a4 90E0      		ldi r25,hi8(147)
  95               	/* #APP */
  96               	 ;  105 "c:/winavr-20100110/lib/gcc/../../avr/include/util/delay_basic.h" 1
  97 00a6 0197      		1: sbiw r24,1
  98 00a8 01F4      		brne 1b
  99               	 ;  0 "" 2
 100               	/* #NOAPP */
 101 00aa 8091 6200 		lds r24,98
 102 00ae 8260      		ori r24,lo8(2)
 103 00b0 8093 6200 		sts 98,r24
 104 00b4 8091 6200 		lds r24,98
 105 00b8 877F      		andi r24,lo8(-9)
 106 00ba 8093 6200 		sts 98,r24
 107 00be 8091 6200 		lds r24,98
 108 00c2 8F7B      		andi r24,lo8(-65)
 109 00c4 8093 6200 		sts 98,r24
 110 00c8 8091 6200 		lds r24,98
 111 00cc 8B7F      		andi r24,lo8(-5)
 112 00ce 8093 6200 		sts 98,r24
 113 00d2 8091 6200 		lds r24,98
 114 00d6 8F7D      		andi r24,lo8(-33)
GAS LISTING C:\Users\hag\AppData\Local\Temp/cc0BUtTn.s 			page 3


 115 00d8 8093 6200 		sts 98,r24
 116 00dc 23FF      		sbrs r18,3
 117 00de 00C0      		rjmp .L10
 118 00e0 8091 6200 		lds r24,98
 119 00e4 8860      		ori r24,lo8(8)
 120 00e6 8093 6200 		sts 98,r24
 121               	.L10:
 122 00ea 22FF      		sbrs r18,2
 123 00ec 00C0      		rjmp .L11
 124 00ee 8091 6200 		lds r24,98
 125 00f2 8064      		ori r24,lo8(64)
 126 00f4 8093 6200 		sts 98,r24
 127               	.L11:
 128 00f8 21FF      		sbrs r18,1
 129 00fa 00C0      		rjmp .L12
 130 00fc 8091 6200 		lds r24,98
 131 0100 8460      		ori r24,lo8(4)
 132 0102 8093 6200 		sts 98,r24
 133               	.L12:
 134 0106 20FF      		sbrs r18,0
 135 0108 00C0      		rjmp .L13
 136 010a 8091 6200 		lds r24,98
 137 010e 8062      		ori r24,lo8(32)
 138 0110 8093 6200 		sts 98,r24
 139               	.L13:
 140 0114 81E0      		ldi r24,lo8(1)
 141 0116 90E0      		ldi r25,hi8(1)
 142               	/* #APP */
 143               	 ;  105 "c:/winavr-20100110/lib/gcc/../../avr/include/util/delay_basic.h" 1
 144 0118 0197      		1: sbiw r24,1
 145 011a 01F4      		brne 1b
 146               	 ;  0 "" 2
 147               	/* #NOAPP */
 148 011c 8091 6200 		lds r24,98
 149 0120 8D7F      		andi r24,lo8(-3)
 150 0122 8093 6200 		sts 98,r24
 151 0126 83E9      		ldi r24,lo8(147)
 152 0128 90E0      		ldi r25,hi8(147)
 153               	/* #APP */
 154               	 ;  105 "c:/winavr-20100110/lib/gcc/../../avr/include/util/delay_basic.h" 1
 155 012a 0197      		1: sbiw r24,1
 156 012c 01F4      		brne 1b
 157               	 ;  0 "" 2
 158               	/* epilogue start */
 159               	/* #NOAPP */
 160 012e 0895      		ret
 161               		.size	display_write_byte, .-display_write_byte
 162               		.section	.text.display_set_cursor_pos,"ax",@progbits
 163               	.global	display_set_cursor_pos
 164               		.type	display_set_cursor_pos, @function
 165               	display_set_cursor_pos:
 166               	/* prologue: function */
 167               	/* frame size = 0 */
 168 0000 8F70      		andi r24,lo8(15)
 169 0002 8068      		ori r24,lo8(-128)
 170 0004 70E0      		ldi r23,lo8(0)
 171 0006 6170      		andi r22,lo8(1)
GAS LISTING C:\Users\hag\AppData\Local\Temp/cc0BUtTn.s 			page 4


 172 0008 7070      		andi r23,hi8(1)
 173 000a 96E0      		ldi r25,6
 174 000c 660F      	1:	lsl r22
 175 000e 771F      		rol r23
 176 0010 9A95      		dec r25
 177 0012 01F4      		brne 1b
 178 0014 862B      		or r24,r22
 179 0016 60E0      		ldi r22,lo8(0)
 180 0018 0E94 0000 		call display_write_byte
 181               	/* epilogue start */
 182 001c 0895      		ret
 183               		.size	display_set_cursor_pos, .-display_set_cursor_pos
 184               		.section	.text.display_hide_cursor,"ax",@progbits
 185               	.global	display_hide_cursor
 186               		.type	display_hide_cursor, @function
 187               	display_hide_cursor:
 188               	/* prologue: function */
 189               	/* frame size = 0 */
 190 0000 8CE0      		ldi r24,lo8(12)
 191 0002 60E0      		ldi r22,lo8(0)
 192 0004 0E94 0000 		call display_write_byte
 193               	/* epilogue start */
 194 0008 0895      		ret
 195               		.size	display_hide_cursor, .-display_hide_cursor
 196               		.section	.text.display_show_cursor,"ax",@progbits
 197               	.global	display_show_cursor
 198               		.type	display_show_cursor, @function
 199               	display_show_cursor:
 200               	/* prologue: function */
 201               	/* frame size = 0 */
 202 0000 8EE0      		ldi r24,lo8(14)
 203 0002 60E0      		ldi r22,lo8(0)
 204 0004 0E94 0000 		call display_write_byte
 205               	/* epilogue start */
 206 0008 0895      		ret
 207               		.size	display_show_cursor, .-display_show_cursor
 208               		.section	.text.display_clear_screen,"ax",@progbits
 209               	.global	display_clear_screen
 210               		.type	display_clear_screen, @function
 211               	display_clear_screen:
 212               	/* prologue: function */
 213               	/* frame size = 0 */
 214 0000 81E0      		ldi r24,lo8(1)
 215 0002 60E0      		ldi r22,lo8(0)
 216 0004 0E94 0000 		call display_write_byte
 217               	/* epilogue start */
 218 0008 0895      		ret
 219               		.size	display_clear_screen, .-display_clear_screen
 220               		.section	.text.display_show_string_BOP,"ax",@progbits
 221               	.global	display_show_string_BOP
 222               		.type	display_show_string_BOP, @function
 223               	display_show_string_BOP:
 224 0000 CF93      		push r28
 225 0002 DF93      		push r29
 226               	/* prologue: function */
 227               	/* frame size = 0 */
 228 0004 982F      		mov r25,r24
GAS LISTING C:\Users\hag\AppData\Local\Temp/cc0BUtTn.s 			page 5


 229 0006 EA01      		movw r28,r20
 230 0008 8881      		ld r24,Y
 231 000a 8823      		tst r24
 232 000c 01F0      		breq .L28
 233 000e 892F      		mov r24,r25
 234 0010 8F5F      		subi r24,lo8(-(1))
 235 0012 0E94 0000 		call display_set_cursor_pos
 236 0016 00C0      		rjmp .L26
 237               	.L27:
 238 0018 8991      		ld r24,Y+
 239 001a 61E0      		ldi r22,lo8(1)
 240 001c 0E94 0000 		call display_write_byte
 241               	.L26:
 242 0020 8981      		ldd r24,Y+1
 243 0022 8823      		tst r24
 244 0024 01F4      		brne .L27
 245               	.L28:
 246               	/* epilogue start */
 247 0026 DF91      		pop r29
 248 0028 CF91      		pop r28
 249 002a 0895      		ret
 250               		.size	display_show_string_BOP, .-display_show_string_BOP
 251               		.section	.text.display_set_font,"ax",@progbits
 252               	.global	display_set_font
 253               		.type	display_set_font, @function
 254               	display_set_font:
 255 0000 CF93      		push r28
 256 0002 DF93      		push r29
 257               	/* prologue: function */
 258               	/* frame size = 0 */
 259 0004 80E4      		ldi r24,lo8(64)
 260 0006 60E0      		ldi r22,lo8(0)
 261 0008 0E94 0000 		call display_write_byte
 262 000c C0E0      		ldi r28,lo8(font)
 263 000e D0E0      		ldi r29,hi8(font)
 264               	.L30:
 265 0010 8991      		ld r24,Y+
 266 0012 61E0      		ldi r22,lo8(1)
 267 0014 0E94 0000 		call display_write_byte
 268 0018 80E0      		ldi r24,hi8(font+64)
 269 001a C030      		cpi r28,lo8(font+64)
 270 001c D807      		cpc r29,r24
 271 001e 01F4      		brne .L30
 272 0020 81E0      		ldi r24,lo8(1)
 273 0022 8093 0000 		sts current_font,r24
 274               	/* epilogue start */
 275 0026 DF91      		pop r29
 276 0028 CF91      		pop r28
 277 002a 0895      		ret
 278               		.size	display_set_font, .-display_set_font
 279               		.section	.text.display_init,"ax",@progbits
 280               	.global	display_init
 281               		.type	display_init, @function
 282               	display_init:
 283               	/* prologue: function */
 284               	/* frame size = 0 */
 285 0000 E1E6      		ldi r30,lo8(97)
GAS LISTING C:\Users\hag\AppData\Local\Temp/cc0BUtTn.s 			page 6


 286 0002 F0E0      		ldi r31,hi8(97)
 287 0004 8081      		ld r24,Z
 288 0006 8F67      		ori r24,lo8(127)
 289 0008 8083      		st Z,r24
 290 000a E2E6      		ldi r30,lo8(98)
 291 000c F0E0      		ldi r31,hi8(98)
 292 000e 8081      		ld r24,Z
 293 0010 8E7F      		andi r24,lo8(-2)
 294 0012 8083      		st Z,r24
 295 0014 8081      		ld r24,Z
 296 0016 8F7E      		andi r24,lo8(-17)
 297 0018 8083      		st Z,r24
 298 001a 8EEF      		ldi r24,lo8(-10242)
 299 001c 97ED      		ldi r25,hi8(-10242)
 300               	/* #APP */
 301               	 ;  105 "c:/winavr-20100110/lib/gcc/../../avr/include/util/delay_basic.h" 1
 302 001e 0197      		1: sbiw r24,1
 303 0020 01F4      		brne 1b
 304               	 ;  0 "" 2
 305               	/* #NOAPP */
 306 0022 8081      		ld r24,Z
 307 0024 8260      		ori r24,lo8(2)
 308 0026 8083      		st Z,r24
 309 0028 8081      		ld r24,Z
 310 002a 8062      		ori r24,lo8(32)
 311 002c 8083      		st Z,r24
 312 002e 8081      		ld r24,Z
 313 0030 8460      		ori r24,lo8(4)
 314 0032 8083      		st Z,r24
 315 0034 8081      		ld r24,Z
 316 0036 8F7B      		andi r24,lo8(-65)
 317 0038 8083      		st Z,r24
 318 003a 8081      		ld r24,Z
 319 003c 877F      		andi r24,lo8(-9)
 320 003e 8083      		st Z,r24
 321 0040 21E0      		ldi r18,lo8(1)
 322 0042 30E0      		ldi r19,hi8(1)
 323 0044 C901      		movw r24,r18
 324               	/* #APP */
 325               	 ;  105 "c:/winavr-20100110/lib/gcc/../../avr/include/util/delay_basic.h" 1
 326 0046 0197      		1: sbiw r24,1
 327 0048 01F4      		brne 1b
 328               	 ;  0 "" 2
 329               	/* #NOAPP */
 330 004a 8081      		ld r24,Z
 331 004c 8D7F      		andi r24,lo8(-3)
 332 004e 8083      		st Z,r24
 333 0050 8AE0      		ldi r24,lo8(15114)
 334 0052 9BE3      		ldi r25,hi8(15114)
 335               	/* #APP */
 336               	 ;  105 "c:/winavr-20100110/lib/gcc/../../avr/include/util/delay_basic.h" 1
 337 0054 0197      		1: sbiw r24,1
 338 0056 01F4      		brne 1b
 339               	 ;  0 "" 2
 340               	/* #NOAPP */
 341 0058 8081      		ld r24,Z
 342 005a 8260      		ori r24,lo8(2)
GAS LISTING C:\Users\hag\AppData\Local\Temp/cc0BUtTn.s 			page 7


 343 005c 8083      		st Z,r24
 344 005e C901      		movw r24,r18
 345               	/* #APP */
 346               	 ;  105 "c:/winavr-20100110/lib/gcc/../../avr/include/util/delay_basic.h" 1
 347 0060 0197      		1: sbiw r24,1
 348 0062 01F4      		brne 1b
 349               	 ;  0 "" 2
 350               	/* #NOAPP */
 351 0064 8081      		ld r24,Z
 352 0066 8D7F      		andi r24,lo8(-3)
 353 0068 8083      		st Z,r24
 354 006a 81E7      		ldi r24,lo8(369)
 355 006c 91E0      		ldi r25,hi8(369)
 356               	/* #APP */
 357               	 ;  105 "c:/winavr-20100110/lib/gcc/../../avr/include/util/delay_basic.h" 1
 358 006e 0197      		1: sbiw r24,1
 359 0070 01F4      		brne 1b
 360               	 ;  0 "" 2
 361               	/* #NOAPP */
 362 0072 8081      		ld r24,Z
 363 0074 8260      		ori r24,lo8(2)
 364 0076 8083      		st Z,r24
 365 0078 C901      		movw r24,r18
 366               	/* #APP */
 367               	 ;  105 "c:/winavr-20100110/lib/gcc/../../avr/include/util/delay_basic.h" 1
 368 007a 0197      		1: sbiw r24,1
 369 007c 01F4      		brne 1b
 370               	 ;  0 "" 2
 371               	/* #NOAPP */
 372 007e 8081      		ld r24,Z
 373 0080 8D7F      		andi r24,lo8(-3)
 374 0082 8083      		st Z,r24
 375 0084 43E9      		ldi r20,lo8(147)
 376 0086 50E0      		ldi r21,hi8(147)
 377 0088 CA01      		movw r24,r20
 378               	/* #APP */
 379               	 ;  105 "c:/winavr-20100110/lib/gcc/../../avr/include/util/delay_basic.h" 1
 380 008a 0197      		1: sbiw r24,1
 381 008c 01F4      		brne 1b
 382               	 ;  0 "" 2
 383               	/* #NOAPP */
 384 008e 8081      		ld r24,Z
 385 0090 8260      		ori r24,lo8(2)
 386 0092 8083      		st Z,r24
 387 0094 8081      		ld r24,Z
 388 0096 8F7D      		andi r24,lo8(-33)
 389 0098 8083      		st Z,r24
 390 009a C901      		movw r24,r18
 391               	/* #APP */
 392               	 ;  105 "c:/winavr-20100110/lib/gcc/../../avr/include/util/delay_basic.h" 1
 393 009c 0197      		1: sbiw r24,1
 394 009e 01F4      		brne 1b
 395               	 ;  0 "" 2
 396               	/* #NOAPP */
 397 00a0 8081      		ld r24,Z
 398 00a2 8D7F      		andi r24,lo8(-3)
 399 00a4 8083      		st Z,r24
GAS LISTING C:\Users\hag\AppData\Local\Temp/cc0BUtTn.s 			page 8


 400 00a6 CA01      		movw r24,r20
 401               	/* #APP */
 402               	 ;  105 "c:/winavr-20100110/lib/gcc/../../avr/include/util/delay_basic.h" 1
 403 00a8 0197      		1: sbiw r24,1
 404 00aa 01F4      		brne 1b
 405               	 ;  0 "" 2
 406               	/* #NOAPP */
 407 00ac 88E2      		ldi r24,lo8(40)
 408 00ae 60E0      		ldi r22,lo8(0)
 409 00b0 0E94 0000 		call display_write_byte
 410 00b4 8CE0      		ldi r24,lo8(12)
 411 00b6 60E0      		ldi r22,lo8(0)
 412 00b8 0E94 0000 		call display_write_byte
 413 00bc 86E0      		ldi r24,lo8(6)
 414 00be 60E0      		ldi r22,lo8(0)
 415 00c0 0E94 0000 		call display_write_byte
 416 00c4 0E94 0000 		call display_set_font
 417               	/* epilogue start */
 418 00c8 0895      		ret
 419               		.size	display_init, .-display_init
 420               		.section	.text.display_show_string,"ax",@progbits
 421               	.global	display_show_string
 422               		.type	display_show_string, @function
 423               	display_show_string:
 424 0000 CF93      		push r28
 425 0002 DF93      		push r29
 426               	/* prologue: function */
 427               	/* frame size = 0 */
 428 0004 EA01      		movw r28,r20
 429 0006 0E94 0000 		call display_set_cursor_pos
 430 000a 00C0      		rjmp .L36
 431               	.L37:
 432 000c 61E0      		ldi r22,lo8(1)
 433 000e 0E94 0000 		call display_write_byte
 434 0012 2196      		adiw r28,1
 435               	.L36:
 436 0014 8881      		ld r24,Y
 437 0016 8823      		tst r24
 438 0018 01F4      		brne .L37
 439               	/* epilogue start */
 440 001a DF91      		pop r29
 441 001c CF91      		pop r28
 442 001e 0895      		ret
 443               		.size	display_show_string, .-display_show_string
 444               		.section	.text.display_can_write,"ax",@progbits
 445               	.global	display_can_write
 446               		.type	display_can_write, @function
 447               	display_can_write:
 448               	/* prologue: function */
 449               	/* frame size = 0 */
 450 0000 E1E6      		ldi r30,lo8(97)
 451 0002 F0E0      		ldi r31,hi8(97)
 452 0004 8081      		ld r24,Z
 453 0006 8C66      		ori r24,lo8(108)
 454 0008 8083      		st Z,r24
 455               	/* epilogue start */
 456 000a 0895      		ret
GAS LISTING C:\Users\hag\AppData\Local\Temp/cc0BUtTn.s 			page 9


 457               		.size	display_can_write, .-display_can_write
 458               		.section	.text.display_can_read,"ax",@progbits
 459               	.global	display_can_read
 460               		.type	display_can_read, @function
 461               	display_can_read:
 462               	/* prologue: function */
 463               	/* frame size = 0 */
 464 0000 E1E6      		ldi r30,lo8(97)
 465 0002 F0E0      		ldi r31,hi8(97)
 466 0004 8081      		ld r24,Z
 467 0006 8379      		andi r24,lo8(-109)
 468 0008 8083      		st Z,r24
 469               	/* epilogue start */
 470 000a 0895      		ret
 471               		.size	display_can_read, .-display_can_read
 472               		.section	.text.display_wait_for_work,"ax",@progbits
 473               	.global	display_wait_for_work
 474               		.type	display_wait_for_work, @function
 475               	display_wait_for_work:
 476               	/* prologue: function */
 477               	/* frame size = 0 */
 478 0000 8091 6100 		lds r24,97
 479 0004 8379      		andi r24,lo8(-109)
 480 0006 8093 6100 		sts 97,r24
 481 000a 8091 6200 		lds r24,98
 482 000e 8E7F      		andi r24,lo8(-2)
 483 0010 8093 6200 		sts 98,r24
 484 0014 8091 6200 		lds r24,98
 485 0018 8061      		ori r24,lo8(16)
 486 001a 8093 6200 		sts 98,r24
 487               	/* #APP */
 488               	 ;  394 "text_lcd_BOP_24_Rus.c" 1
 489 001e 0000      		nop
 490               	 ;  0 "" 2
 491               	/* #NOAPP */
 492 0020 21E0      		ldi r18,lo8(1)
 493 0022 30E0      		ldi r19,hi8(1)
 494               	.L44:
 495 0024 8091 6200 		lds r24,98
 496 0028 8260      		ori r24,lo8(2)
 497 002a 8093 6200 		sts 98,r24
 498 002e C901      		movw r24,r18
 499               	/* #APP */
 500               	 ;  105 "c:/winavr-20100110/lib/gcc/../../avr/include/util/delay_basic.h" 1
 501 0030 0197      		1: sbiw r24,1
 502 0032 01F4      		brne 1b
 503               	 ;  0 "" 2
 504               	/* #NOAPP */
 505 0034 90B1      		in r25,32-32
 506 0036 8091 6200 		lds r24,98
 507 003a 8D7F      		andi r24,lo8(-3)
 508 003c 8093 6200 		sts 98,r24
 509 0040 F901      		movw r30,r18
 510               	/* #APP */
 511               	 ;  105 "c:/winavr-20100110/lib/gcc/../../avr/include/util/delay_basic.h" 1
 512 0042 3197      		1: sbiw r30,1
 513 0044 01F4      		brne 1b
GAS LISTING C:\Users\hag\AppData\Local\Temp/cc0BUtTn.s 			page 10


 514               	 ;  0 "" 2
 515               	/* #NOAPP */
 516 0046 8091 6200 		lds r24,98
 517 004a 8260      		ori r24,lo8(2)
 518 004c 8093 6200 		sts 98,r24
 519 0050 F901      		movw r30,r18
 520               	/* #APP */
 521               	 ;  105 "c:/winavr-20100110/lib/gcc/../../avr/include/util/delay_basic.h" 1
 522 0052 3197      		1: sbiw r30,1
 523 0054 01F4      		brne 1b
 524               	 ;  0 "" 2
 525               	/* #NOAPP */
 526 0056 8091 6200 		lds r24,98
 527 005a 8D7F      		andi r24,lo8(-3)
 528 005c 8093 6200 		sts 98,r24
 529 0060 93FD      		sbrc r25,3
 530 0062 00C0      		rjmp .L44
 531 0064 8091 6100 		lds r24,97
 532 0068 8C66      		ori r24,lo8(108)
 533 006a 8093 6100 		sts 97,r24
 534               	/* epilogue start */
 535 006e 0895      		ret
 536               		.size	display_wait_for_work, .-display_wait_for_work
 537               		.data
 538               	.LC0:
 539 0000 2530 386C 		.string	"%08lu"
 539      7500 
 540               		.section	.text.display_show,"ax",@progbits
 541               	.global	display_show
 542               		.type	display_show, @function
 543               	display_show:
 544 0000 2F92      		push r2
 545 0002 3F92      		push r3
 546 0004 4F92      		push r4
 547 0006 5F92      		push r5
 548 0008 6F92      		push r6
 549 000a 7F92      		push r7
 550 000c 8F92      		push r8
 551 000e 9F92      		push r9
 552 0010 BF92      		push r11
 553 0012 CF92      		push r12
 554 0014 DF92      		push r13
 555 0016 EF92      		push r14
 556 0018 FF92      		push r15
 557 001a 0F93      		push r16
 558 001c 1F93      		push r17
 559 001e DF93      		push r29
 560 0020 CF93      		push r28
 561 0022 CDB7      		in r28,__SP_L__
 562 0024 DEB7      		in r29,__SP_H__
 563 0026 2B97      		sbiw r28,11
 564 0028 0FB6      		in __tmp_reg__,__SREG__
 565 002a F894      		cli
 566 002c DEBF      		out __SP_H__,r29
 567 002e 0FBE      		out __SREG__,__tmp_reg__
 568 0030 CDBF      		out __SP_L__,r28
 569               	/* prologue: function */
GAS LISTING C:\Users\hag\AppData\Local\Temp/cc0BUtTn.s 			page 11


 570               	/* frame size = 11 */
 571 0032 B82E      		mov r11,r24
 572 0034 2B01      		movw r4,r22
 573 0036 1A01      		movw r2,r20
 574 0038 3B87      		std Y+11,r19
 575 003a 2A87      		std Y+10,r18
 576 003c 3701      		movw r6,r14
 577 003e 4801      		movw r8,r16
 578 0040 082F      		mov r16,r24
 579 0042 10E0      		ldi r17,lo8(0)
 580 0044 45E0      		ldi r20,5
 581 0046 000F      	1:	lsl r16
 582 0048 111F      		rol r17
 583 004a 4A95      		dec r20
 584 004c 01F4      		brne 1b
 585 004e 0050      		subi r16,lo8(-(displays))
 586 0050 1040      		sbci r17,hi8(-(displays))
 587 0052 80E0      		ldi r24,lo8(0)
 588 0054 60E0      		ldi r22,lo8(0)
 589 0056 0E94 0000 		call display_set_cursor_pos
 590 005a 6801      		movw r12,r16
 591 005c FF24      		clr r15
 592               	.L48:
 593 005e D601      		movw r26,r12
 594 0060 8D91      		ld r24,X+
 595 0062 6D01      		movw r12,r26
 596 0064 61E0      		ldi r22,lo8(1)
 597 0066 0E94 0000 		call display_write_byte
 598 006a F394      		inc r15
 599 006c B0E1      		ldi r27,lo8(16)
 600 006e FB16      		cp r15,r27
 601 0070 01F4      		brne .L48
 602 0072 30E1      		ldi r19,lo8(16)
 603 0074 E32E      		mov r14,r19
 604 0076 F12C      		mov r15,__zero_reg__
 605 0078 E00E      		add r14,r16
 606 007a F11E      		adc r15,r17
 607 007c 80E0      		ldi r24,lo8(0)
 608 007e 61E0      		ldi r22,lo8(1)
 609 0080 0E94 0000 		call display_set_cursor_pos
 610               	.L49:
 611 0084 F801      		movw r30,r16
 612 0086 8089      		ldd r24,Z+16
 613 0088 61E0      		ldi r22,lo8(1)
 614 008a 0E94 0000 		call display_write_byte
 615 008e 0F5F      		subi r16,lo8(-(1))
 616 0090 1F4F      		sbci r17,hi8(-(1))
 617 0092 E016      		cp r14,r16
 618 0094 F106      		cpc r15,r17
 619 0096 01F4      		brne .L49
 620 0098 F2E0      		ldi r31,lo8(2)
 621 009a BF16      		cp r11,r31
 622 009c 01F4      		brne .+2
 623 009e 00C0      		rjmp .L53
 624 00a0 FB15      		cp r31,r11
 625 00a2 00F0      		brlo .L56
 626 00a4 BB20      		tst r11
GAS LISTING C:\Users\hag\AppData\Local\Temp/cc0BUtTn.s 			page 12


 627 00a6 01F0      		breq .L51
 628 00a8 81E0      		ldi r24,lo8(1)
 629 00aa B816      		cp r11,r24
 630 00ac 01F0      		breq .+2
 631 00ae 00C0      		rjmp .L57
 632 00b0 00C0      		rjmp .L62
 633               	.L56:
 634 00b2 93E0      		ldi r25,lo8(3)
 635 00b4 B916      		cp r11,r25
 636 00b6 01F4      		brne .+2
 637 00b8 00C0      		rjmp .L54
 638 00ba A4E0      		ldi r26,lo8(4)
 639 00bc BA16      		cp r11,r26
 640 00be 01F0      		breq .+2
 641 00c0 00C0      		rjmp .L57
 642 00c2 00C0      		rjmp .L63
 643               	.L51:
 644 00c4 EDB7      		in r30,__SP_L__
 645 00c6 FEB7      		in r31,__SP_H__
 646 00c8 3897      		sbiw r30,8
 647 00ca 0FB6      		in __tmp_reg__,__SREG__
 648 00cc F894      		cli
 649 00ce FEBF      		out __SP_H__,r31
 650 00d0 0FBE      		out __SREG__,__tmp_reg__
 651 00d2 EDBF      		out __SP_L__,r30
 652 00d4 3196      		adiw r30,1
 653 00d6 8E01      		movw r16,r28
 654 00d8 0F5F      		subi r16,lo8(-(1))
 655 00da 1F4F      		sbci r17,hi8(-(1))
 656 00dc ADB7      		in r26,__SP_L__
 657 00de BEB7      		in r27,__SP_H__
 658 00e0 00C0      		rjmp .L61
 659               	.L62:
 660 00e2 ADB7      		in r26,__SP_L__
 661 00e4 BEB7      		in r27,__SP_H__
 662 00e6 1897      		sbiw r26,8
 663 00e8 0FB6      		in __tmp_reg__,__SREG__
 664 00ea F894      		cli
 665 00ec BEBF      		out __SP_H__,r27
 666 00ee 0FBE      		out __SREG__,__tmp_reg__
 667 00f0 ADBF      		out __SP_L__,r26
 668 00f2 EDB7      		in r30,__SP_L__
 669 00f4 FEB7      		in r31,__SP_H__
 670 00f6 3196      		adiw r30,1
 671 00f8 8E01      		movw r16,r28
 672 00fa 0F5F      		subi r16,lo8(-(1))
 673 00fc 1F4F      		sbci r17,hi8(-(1))
 674               	.L61:
 675 00fe 1296      		adiw r26,1+1
 676 0100 1C93      		st X,r17
 677 0102 0E93      		st -X,r16
 678 0104 1197      		sbiw r26,1
 679 0106 80E0      		ldi r24,lo8(.LC0)
 680 0108 90E0      		ldi r25,hi8(.LC0)
 681 010a 9383      		std Z+3,r25
 682 010c 8283      		std Z+2,r24
 683 010e 6482      		std Z+4,r6
GAS LISTING C:\Users\hag\AppData\Local\Temp/cc0BUtTn.s 			page 13


 684 0110 7582      		std Z+5,r7
 685 0112 8682      		std Z+6,r8
 686 0114 9782      		std Z+7,r9
 687 0116 0E94 0000 		call sprintf
 688 011a F801      		movw r30,r16
 689 011c 0190      		ld __tmp_reg__,Z+
 690 011e 0020      		tst __tmp_reg__
 691 0120 01F4      		brne .-6
 692 0122 8DB7      		in r24,__SP_L__
 693 0124 9EB7      		in r25,__SP_H__
 694 0126 0896      		adiw r24,8
 695 0128 0FB6      		in __tmp_reg__,__SREG__
 696 012a F894      		cli
 697 012c 9EBF      		out __SP_H__,r25
 698 012e 0FBE      		out __SREG__,__tmp_reg__
 699 0130 8DBF      		out __SP_L__,r24
 700 0132 802F      		mov r24,r16
 701 0134 8E1B      		sub r24,r30
 702 0136 8F5E      		subi r24,lo8(-(17))
 703 0138 60E0      		ldi r22,lo8(0)
 704 013a A801      		movw r20,r16
 705 013c 0E94 0000 		call display_show_string_BOP
 706 0140 00C0      		rjmp .L57
 707               	.L53:
 708 0142 C201      		movw r24,r4
 709 0144 8E01      		movw r16,r28
 710 0146 0F5F      		subi r16,lo8(-(1))
 711 0148 1F4F      		sbci r17,hi8(-(1))
 712 014a B801      		movw r22,r16
 713 014c 4AE0      		ldi r20,lo8(10)
 714 014e 50E0      		ldi r21,hi8(10)
 715 0150 0E94 0000 		call utoa
 716 0154 F801      		movw r30,r16
 717 0156 0190      		ld __tmp_reg__,Z+
 718 0158 0020      		tst __tmp_reg__
 719 015a 01F4      		brne .-6
 720 015c 802F      		mov r24,r16
 721 015e 8E1B      		sub r24,r30
 722 0160 835F      		subi r24,lo8(-(13))
 723 0162 00C0      		rjmp .L60
 724               	.L54:
 725 0164 8E01      		movw r16,r28
 726 0166 0F5F      		subi r16,lo8(-(1))
 727 0168 1F4F      		sbci r17,hi8(-(1))
 728 016a C201      		movw r24,r4
 729 016c B801      		movw r22,r16
 730 016e 4AE0      		ldi r20,lo8(10)
 731 0170 50E0      		ldi r21,hi8(10)
 732 0172 0E94 0000 		call utoa
 733 0176 F801      		movw r30,r16
 734 0178 D801      		movw r26,r16
 735 017a 0D90      		ld __tmp_reg__,X+
 736 017c 0020      		tst __tmp_reg__
 737 017e 01F4      		brne .-6
 738 0180 EA1B      		sub r30,r26
 739 0182 8E2F      		mov r24,r30
 740 0184 805F      		subi r24,lo8(-(16))
GAS LISTING C:\Users\hag\AppData\Local\Temp/cc0BUtTn.s 			page 14


 741 0186 60E0      		ldi r22,lo8(0)
 742 0188 A801      		movw r20,r16
 743 018a 0E94 0000 		call display_show_string
 744 018e C101      		movw r24,r2
 745 0190 B801      		movw r22,r16
 746 0192 4AE0      		ldi r20,lo8(10)
 747 0194 50E0      		ldi r21,hi8(10)
 748 0196 0E94 0000 		call utoa
 749 019a F801      		movw r30,r16
 750 019c D801      		movw r26,r16
 751 019e 0D90      		ld __tmp_reg__,X+
 752 01a0 0020      		tst __tmp_reg__
 753 01a2 01F4      		brne .-6
 754 01a4 EA1B      		sub r30,r26
 755 01a6 8E2F      		mov r24,r30
 756 01a8 875F      		subi r24,lo8(-(9))
 757 01aa 61E0      		ldi r22,lo8(1)
 758 01ac A801      		movw r20,r16
 759 01ae 0E94 0000 		call display_show_string
 760 01b2 8A85      		ldd r24,Y+10
 761 01b4 9B85      		ldd r25,Y+11
 762 01b6 B801      		movw r22,r16
 763 01b8 4AE0      		ldi r20,lo8(10)
 764 01ba 50E0      		ldi r21,hi8(10)
 765 01bc 0E94 0000 		call utoa
 766 01c0 89E0      		ldi r24,lo8(9)
 767 01c2 00C0      		rjmp .L60
 768               	.L63:
 769 01c4 8E01      		movw r16,r28
 770 01c6 0F5F      		subi r16,lo8(-(1))
 771 01c8 1F4F      		sbci r17,hi8(-(1))
 772 01ca ADB7      		in r26,__SP_L__
 773 01cc BEB7      		in r27,__SP_H__
 774 01ce 1897      		sbiw r26,8
 775 01d0 0FB6      		in __tmp_reg__,__SREG__
 776 01d2 F894      		cli
 777 01d4 BEBF      		out __SP_H__,r27
 778 01d6 0FBE      		out __SREG__,__tmp_reg__
 779 01d8 ADBF      		out __SP_L__,r26
 780 01da EDB7      		in r30,__SP_L__
 781 01dc FEB7      		in r31,__SP_H__
 782 01de 3196      		adiw r30,1
 783 01e0 1296      		adiw r26,1+1
 784 01e2 1C93      		st X,r17
 785 01e4 0E93      		st -X,r16
 786 01e6 1197      		sbiw r26,1
 787 01e8 80E0      		ldi r24,lo8(.LC0)
 788 01ea 90E0      		ldi r25,hi8(.LC0)
 789 01ec 9383      		std Z+3,r25
 790 01ee 8283      		std Z+2,r24
 791 01f0 6482      		std Z+4,r6
 792 01f2 7582      		std Z+5,r7
 793 01f4 8682      		std Z+6,r8
 794 01f6 9782      		std Z+7,r9
 795 01f8 0E94 0000 		call sprintf
 796 01fc D801      		movw r26,r16
 797 01fe 0D90      		ld __tmp_reg__,X+
GAS LISTING C:\Users\hag\AppData\Local\Temp/cc0BUtTn.s 			page 15


 798 0200 0020      		tst __tmp_reg__
 799 0202 01F4      		brne .-6
 800 0204 1197      		sbiw r26,1
 801 0206 A01B      		sub r26,r16
 802 0208 B10B      		sbc r27,r17
 803 020a EDB7      		in r30,__SP_L__
 804 020c FEB7      		in r31,__SP_H__
 805 020e 3896      		adiw r30,8
 806 0210 0FB6      		in __tmp_reg__,__SREG__
 807 0212 F894      		cli
 808 0214 FEBF      		out __SP_H__,r31
 809 0216 0FBE      		out __SREG__,__tmp_reg__
 810 0218 EDBF      		out __SP_L__,r30
 811 021a 20E1      		ldi r18,lo8(16)
 812 021c F22E      		mov r15,r18
 813 021e 8F2D      		mov r24,r15
 814 0220 8A1B      		sub r24,r26
 815 0222 60E0      		ldi r22,lo8(0)
 816 0224 A801      		movw r20,r16
 817 0226 0E94 0000 		call display_show_string_BOP
 818 022a C101      		movw r24,r2
 819 022c B801      		movw r22,r16
 820 022e 4AE0      		ldi r20,lo8(10)
 821 0230 50E0      		ldi r21,hi8(10)
 822 0232 0E94 0000 		call utoa
 823 0236 F801      		movw r30,r16
 824 0238 0190      		ld __tmp_reg__,Z+
 825 023a 0020      		tst __tmp_reg__
 826 023c 01F4      		brne .-6
 827 023e 3197      		sbiw r30,1
 828 0240 E01B      		sub r30,r16
 829 0242 F10B      		sbc r31,r17
 830 0244 8F2D      		mov r24,r15
 831 0246 8E1B      		sub r24,r30
 832               	.L60:
 833 0248 61E0      		ldi r22,lo8(1)
 834 024a A801      		movw r20,r16
 835 024c 0E94 0000 		call display_show_string
 836               	.L57:
 837               	/* epilogue start */
 838 0250 2B96      		adiw r28,11
 839 0252 0FB6      		in __tmp_reg__,__SREG__
 840 0254 F894      		cli
 841 0256 DEBF      		out __SP_H__,r29
 842 0258 0FBE      		out __SREG__,__tmp_reg__
 843 025a CDBF      		out __SP_L__,r28
 844 025c CF91      		pop r28
 845 025e DF91      		pop r29
 846 0260 1F91      		pop r17
 847 0262 0F91      		pop r16
 848 0264 FF90      		pop r15
 849 0266 EF90      		pop r14
 850 0268 DF90      		pop r13
 851 026a CF90      		pop r12
 852 026c BF90      		pop r11
 853 026e 9F90      		pop r9
 854 0270 8F90      		pop r8
GAS LISTING C:\Users\hag\AppData\Local\Temp/cc0BUtTn.s 			page 16


 855 0272 7F90      		pop r7
 856 0274 6F90      		pop r6
 857 0276 5F90      		pop r5
 858 0278 4F90      		pop r4
 859 027a 3F90      		pop r3
 860 027c 2F90      		pop r2
 861 027e 0895      		ret
 862               		.size	display_show, .-display_show
 863               	.global	font
 864               		.data
 865               		.type	font, @object
 866               		.size	font, 64
 867               	font:
 868 0006 1F        		.byte	31
 869 0007 11        		.byte	17
 870 0008 10        		.byte	16
 871 0009 10        		.byte	16
 872 000a 10        		.byte	16
 873 000b 10        		.byte	16
 874 000c 10        		.byte	16
 875 000d 00        		.byte	0
 876 000e 11        		.byte	17
 877 000f 11        		.byte	17
 878 0010 11        		.byte	17
 879 0011 0F        		.byte	15
 880 0012 01        		.byte	1
 881 0013 01        		.byte	1
 882 0014 01        		.byte	1
 883 0015 00        		.byte	0
 884 0016 0A        		.byte	10
 885 0017 04        		.byte	4
 886 0018 11        		.byte	17
 887 0019 13        		.byte	19
 888 001a 15        		.byte	21
 889 001b 19        		.byte	25
 890 001c 11        		.byte	17
 891 001d 00        		.byte	0
 892 001e 11        		.byte	17
 893 001f 11        		.byte	17
 894 0020 13        		.byte	19
 895 0021 15        		.byte	21
 896 0022 19        		.byte	25
 897 0023 11        		.byte	17
 898 0024 11        		.byte	17
 899 0025 00        		.byte	0
 900 0026 1F        		.byte	31
 901 0027 11        		.byte	17
 902 0028 11        		.byte	17
 903 0029 11        		.byte	17
 904 002a 11        		.byte	17
 905 002b 11        		.byte	17
 906 002c 11        		.byte	17
 907 002d 00        		.byte	0
 908 002e 11        		.byte	17
 909 002f 11        		.byte	17
 910 0030 11        		.byte	17
 911 0031 0A        		.byte	10
GAS LISTING C:\Users\hag\AppData\Local\Temp/cc0BUtTn.s 			page 17


 912 0032 04        		.byte	4
 913 0033 08        		.byte	8
 914 0034 10        		.byte	16
 915 0035 00        		.byte	0
 916 0036 0F        		.byte	15
 917 0037 11        		.byte	17
 918 0038 11        		.byte	17
 919 0039 0F        		.byte	15
 920 003a 05        		.byte	5
 921 003b 09        		.byte	9
 922 003c 11        		.byte	17
 923 003d 00        		.byte	0
 924 003e 1F        		.byte	31
 925 003f 11        		.byte	17
 926 0040 10        		.byte	16
 927 0041 1E        		.byte	30
 928 0042 11        		.byte	17
 929 0043 11        		.byte	17
 930 0044 1E        		.byte	30
 931 0045 00        		.byte	0
 932               	.global	current_font
 933               	.global	current_font
 934               		.section .bss
 935               		.type	current_font, @object
 936               		.size	current_font, 1
 937               	current_font:
 938 0000 00        		.skip 1,0
 939               	.global	displays
 940               		.data
 941               		.type	displays, @object
 942               		.size	displays, 160
 943               	displays:
 944 0046 07        		.byte	7
 945 0047 4F        		.byte	79
 946 0048 04        		.byte	4
 947 0049 2D        		.byte	45
 948 004a 32        		.byte	50
 949 004b 34        		.byte	52
 950 004c 20        		.byte	32
 951 004d 20        		.byte	32
 952 004e 20        		.byte	32
 953 004f 20        		.byte	32
 954 0050 20        		.byte	32
 955 0051 30        		.byte	48
 956 0052 30        		.byte	48
 957 0053 78        		.byte	120
 958 0054 78        		.byte	120
 959 0055 78        		.byte	120
 960 0056 20        		.byte	32
 961 0057 20        		.byte	32
 962 0058 20        		.byte	32
 963 0059 20        		.byte	32
 964 005a 33        		.byte	51
 965 005b 41        		.byte	65
 966 005c 00        		.byte	0
 967 005d 50        		.byte	80
 968 005e 05        		.byte	5
GAS LISTING C:\Users\hag\AppData\Local\Temp/cc0BUtTn.s 			page 18


 969 005f 33        		.byte	51
 970 0060 4B        		.byte	75
 971 0061 41        		.byte	65
 972 0062 20        		.byte	32
 973 0063 20        		.byte	32
 974 0064 20        		.byte	32
 975 0065 20        		.byte	32
 976 0066 07        		.byte	7
 977 0067 4F        		.byte	79
 978 0068 04        		.byte	4
 979 0069 2D        		.byte	45
 980 006a 32        		.byte	50
 981 006b 34        		.byte	52
 982 006c 20        		.byte	32
 983 006d 20        		.byte	32
 984 006e 20        		.byte	32
 985 006f 20        		.byte	32
 986 0070 20        		.byte	32
 987 0071 30        		.byte	48
 988 0072 30        		.byte	48
 989 0073 78        		.byte	120
 990 0074 78        		.byte	120
 991 0075 78        		.byte	120
 992 0076 20        		.byte	32
 993 0077 20        		.byte	32
 994 0078 20        		.byte	32
 995 0079 20        		.byte	32
 996 007a 20        		.byte	32
 997 007b 00        		.byte	0
 998 007c 4F        		.byte	79
 999 007d 54        		.byte	84
 1000 007e 4F        		.byte	79
 1001 007f 42        		.byte	66
 1002 0080 20        		.byte	32
 1003 0081 20        		.byte	32
 1004 0082 20        		.byte	32
 1005 0083 20        		.byte	32
 1006 0084 20        		.byte	32
 1007 0085 20        		.byte	32
 1008 0086 20        		.byte	32
 1009 0087 20        		.byte	32
 1010 0088 20        		.byte	32
 1011 0089 03        		.byte	3
 1012 008a 33        		.byte	51
 1013 008b 4D        		.byte	77
 1014 008c 45        		.byte	69
 1015 008d 50        		.byte	80
 1016 008e 45        		.byte	69
 1017 008f 48        		.byte	72
 1018 0090 03        		.byte	3
 1019 0091 45        		.byte	69
 1020 0092 20        		.byte	32
 1021 0093 20        		.byte	32
 1022 0094 20        		.byte	32
 1023 0095 20        		.byte	32
 1024 0096 20        		.byte	32
 1025 0097 20        		.byte	32
GAS LISTING C:\Users\hag\AppData\Local\Temp/cc0BUtTn.s 			page 19


 1026 0098 20        		.byte	32
 1027 0099 04        		.byte	4
 1028 009a 4F        		.byte	79
 1029 009b 50        		.byte	80
 1030 009c 54        		.byte	84
 1031 009d 20        		.byte	32
 1032 009e 2D        		.byte	45
 1033 009f 20        		.byte	32
 1034 00a0 30        		.byte	48
 1035 00a1 78        		.byte	120
 1036 00a2 20        		.byte	32
 1037 00a3 20        		.byte	32
 1038 00a4 20        		.byte	32
 1039 00a5 20        		.byte	32
 1040 00a6 41        		.byte	65
 1041 00a7 42        		.byte	66
 1042 00a8 41        		.byte	65
 1043 00a9 50        		.byte	80
 1044 00aa 03        		.byte	3
 1045 00ab 06        		.byte	6
 1046 00ac 3F        		.byte	63
 1047 00ad 20        		.byte	32
 1048 00ae 04        		.byte	4
 1049 00af 4F        		.byte	79
 1050 00b0 50        		.byte	80
 1051 00b1 54        		.byte	84
 1052 00b2 2D        		.byte	45
 1053 00b3 30        		.byte	48
 1054 00b4 78        		.byte	120
 1055 00b5 20        		.byte	32
 1056 00b6 20        		.byte	32
 1057 00b7 20        		.byte	32
 1058 00b8 20        		.byte	32
 1059 00b9 20        		.byte	32
 1060 00ba 20        		.byte	32
 1061 00bb 20        		.byte	32
 1062 00bc 20        		.byte	32
 1063 00bd 78        		.byte	120
 1064 00be 2E        		.byte	46
 1065 00bf 78        		.byte	120
 1066 00c0 30        		.byte	48
 1067 00c1 30        		.byte	48
 1068 00c2 30        		.byte	48
 1069 00c3 20        		.byte	32
 1070 00c4 4B        		.byte	75
 1071 00c5 4D        		.byte	77
 1072 00c6 07        		.byte	7
 1073 00c7 4F        		.byte	79
 1074 00c8 04        		.byte	4
 1075 00c9 2D        		.byte	45
 1076 00ca 32        		.byte	50
 1077 00cb 34        		.byte	52
 1078 00cc 20        		.byte	32
 1079 00cd 20        		.byte	32
 1080 00ce 20        		.byte	32
 1081 00cf 20        		.byte	32
 1082 00d0 20        		.byte	32
GAS LISTING C:\Users\hag\AppData\Local\Temp/cc0BUtTn.s 			page 20


 1083 00d1 30        		.byte	48
 1084 00d2 30        		.byte	48
 1085 00d3 78        		.byte	120
 1086 00d4 78        		.byte	120
 1087 00d5 78        		.byte	120
 1088 00d6 50        		.byte	80
 1089 00d7 05        		.byte	5
 1090 00d8 01        		.byte	1
 1091 00d9 48        		.byte	72
 1092 00da 4F        		.byte	79
 1093 00db 02        		.byte	2
 1094 00dc 20        		.byte	32
 1095 00dd 53        		.byte	83
 1096 00de 43        		.byte	67
 1097 00df 2F        		.byte	47
 1098 00e0 41        		.byte	65
 1099 00e1 50        		.byte	80
 1100 00e2 43        		.byte	67
 1101 00e3 2D        		.byte	45
 1102 00e4 30        		.byte	48
 1103 00e5 78        		.byte	120
 1104               	.global __do_copy_data
 1105               	.global __do_clear_bss
GAS LISTING C:\Users\hag\AppData\Local\Temp/cc0BUtTn.s 			page 21


DEFINED SYMBOLS
                            *ABS*:00000000 text_lcd_BOP_24_Rus.c
C:\Users\hag\AppData\Local\Temp/cc0BUtTn.s:2      *ABS*:0000003f __SREG__
C:\Users\hag\AppData\Local\Temp/cc0BUtTn.s:3      *ABS*:0000003e __SP_H__
C:\Users\hag\AppData\Local\Temp/cc0BUtTn.s:4      *ABS*:0000003d __SP_L__
C:\Users\hag\AppData\Local\Temp/cc0BUtTn.s:5      *ABS*:00000034 __CCP__
C:\Users\hag\AppData\Local\Temp/cc0BUtTn.s:6      *ABS*:00000000 __tmp_reg__
C:\Users\hag\AppData\Local\Temp/cc0BUtTn.s:7      *ABS*:00000001 __zero_reg__
C:\Users\hag\AppData\Local\Temp/cc0BUtTn.s:11     .text.display_set_channel:00000000 display_set_channel
C:\Users\hag\AppData\Local\Temp/cc0BUtTn.s:20     .text.display_write_byte:00000000 display_write_byte
C:\Users\hag\AppData\Local\Temp/cc0BUtTn.s:165    .text.display_set_cursor_pos:00000000 display_set_cursor_pos
C:\Users\hag\AppData\Local\Temp/cc0BUtTn.s:187    .text.display_hide_cursor:00000000 display_hide_cursor
C:\Users\hag\AppData\Local\Temp/cc0BUtTn.s:199    .text.display_show_cursor:00000000 display_show_cursor
C:\Users\hag\AppData\Local\Temp/cc0BUtTn.s:211    .text.display_clear_screen:00000000 display_clear_screen
C:\Users\hag\AppData\Local\Temp/cc0BUtTn.s:223    .text.display_show_string_BOP:00000000 display_show_string_BOP
C:\Users\hag\AppData\Local\Temp/cc0BUtTn.s:254    .text.display_set_font:00000000 display_set_font
C:\Users\hag\AppData\Local\Temp/cc0BUtTn.s:867    .data:00000006 font
C:\Users\hag\AppData\Local\Temp/cc0BUtTn.s:937    .bss:00000000 current_font
C:\Users\hag\AppData\Local\Temp/cc0BUtTn.s:282    .text.display_init:00000000 display_init
C:\Users\hag\AppData\Local\Temp/cc0BUtTn.s:423    .text.display_show_string:00000000 display_show_string
C:\Users\hag\AppData\Local\Temp/cc0BUtTn.s:447    .text.display_can_write:00000000 display_can_write
C:\Users\hag\AppData\Local\Temp/cc0BUtTn.s:461    .text.display_can_read:00000000 display_can_read
C:\Users\hag\AppData\Local\Temp/cc0BUtTn.s:475    .text.display_wait_for_work:00000000 display_wait_for_work
C:\Users\hag\AppData\Local\Temp/cc0BUtTn.s:543    .text.display_show:00000000 display_show
C:\Users\hag\AppData\Local\Temp/cc0BUtTn.s:943    .data:00000046 displays

UNDEFINED SYMBOLS
sprintf
utoa
__do_copy_data
__do_clear_bss
